INFO:root:training new transformer from scratch
INFO:root:model size: 205.735MB
INFO:root:Training transformer model
INFO:root:TRAINING BATCH SIZE: 1
INFO:root:ITERATION: 0, LOSS: 6.856753
INFO:root:Time: 4.166017
INFO:root:ITERATION: 1000, LOSS: 5.652222
INFO:root:Time: 1485.932592
INFO:root:ITERATION: 2000, LOSS: 4.905034
INFO:root:Time: 1558.479657
INFO:root:ITERATION: 3000, LOSS: 5.510045
INFO:root:Time: 1559.475606
INFO:root:ITERATION: 4000, LOSS: 5.668719
INFO:root:Time: 1503.806081
INFO:root:ITERATION: 5000, LOSS: 5.230333
INFO:root:Time: 1497.307240
INFO:root:ITERATION: 6000, LOSS: 6.012473
INFO:root:Time: 1466.447359
INFO:root:ITERATION: 7000, LOSS: 6.011940
INFO:root:Time: 1489.785905
INFO:root:ITERATION: 8000, LOSS: 5.586336
INFO:root:Time: 1485.965267
INFO:root:ITERATION: 9000, LOSS: 5.422320
INFO:root:Time: 1485.061413
INFO:root:ITERATION: 10000, LOSS: 5.713284
INFO:root:Time: 1508.332750
INFO:root:ITERATION: 11000, LOSS: 4.644383
INFO:root:Time: 1490.281126
INFO:root:ITERATION: 12000, LOSS: 5.294446
INFO:root:Time: 1560.724493
INFO:root:ITERATION: 13000, LOSS: 6.231964
INFO:root:Time: 1549.194816
INFO:root:ITERATION: 14000, LOSS: 5.820951
INFO:root:Time: 1546.896755
INFO:root:ITERATION: 15000, LOSS: 5.608466
INFO:root:Time: 1465.130831
INFO:root:ITERATION: 16000, LOSS: 5.289797
INFO:root:Time: 1534.784666
INFO:root:ITERATION: 17000, LOSS: 5.412322
INFO:root:Time: 1498.771691
INFO:root:ITERATION: 18000, LOSS: 5.064167
INFO:root:Time: 1466.797086
INFO:root:ITERATION: 19000, LOSS: 5.947045
INFO:root:Time: 1554.286457
INFO:root:ITERATION: 20000, LOSS: 5.606434
INFO:root:Time: 1484.906420
INFO:root:ITERATION: 21000, LOSS: 5.731929
INFO:root:Time: 1540.452876
INFO:root:ITERATION: 22000, LOSS: 5.140090
INFO:root:Time: 1499.081272
INFO:root:ITERATION: 23000, LOSS: 5.502079
INFO:root:Time: 1520.290677
INFO:root:ITERATION: 24000, LOSS: 5.830723
INFO:root:Time: 1471.896843
INFO:root:ITERATION: 25000, LOSS: 5.614686
INFO:root:Time: 1489.801876
INFO:root:ITERATION: 26000, LOSS: 6.167523
INFO:root:Time: 1508.346859
INFO:root:ITERATION: 27000, LOSS: 4.868080
INFO:root:Time: 1503.122855
INFO:root:ITERATION: 28000, LOSS: 5.555080
INFO:root:Time: 1530.169154
INFO:root:ITERATION: 29000, LOSS: 4.986843
INFO:root:Time: 1485.763289
INFO:root:ITERATION: 30000, LOSS: 5.414196
INFO:root:Time: 1519.818095
INFO:root:ITERATION: 31000, LOSS: 5.264069
INFO:root:Time: 1477.563229
INFO:root:ITERATION: 32000, LOSS: 5.292234
INFO:root:Time: 1528.915012
INFO:root:ITERATION: 33000, LOSS: 4.723993
INFO:root:Time: 1491.630883
INFO:root:ITERATION: 34000, LOSS: 5.059161
INFO:root:Time: 1500.892891
INFO:root:ITERATION: 35000, LOSS: 5.183491
INFO:root:Time: 1544.205409
