INFO:root:training new transformer from scratch
INFO:root:model size: 205.735MB
INFO:root:Training transformer model
INFO:root:TRAINING BATCH SIZE: 1
INFO:root:ITERATION: 0, LOSS: 6.863757
INFO:root:Time: 4.126445
INFO:root:ITERATION: 1000, LOSS: 5.616505
INFO:root:Time: 1553.782614
INFO:root:ITERATION: 2000, LOSS: 4.914018
INFO:root:Time: 1497.291452
INFO:root:ITERATION: 3000, LOSS: 5.492072
INFO:root:Time: 1510.250066
INFO:root:ITERATION: 4000, LOSS: 5.682693
INFO:root:Time: 1483.050524
INFO:root:ITERATION: 5000, LOSS: 5.237892
INFO:root:Time: 1494.816294
INFO:root:ITERATION: 6000, LOSS: 6.015648
INFO:root:Time: 1483.984766
INFO:root:ITERATION: 7000, LOSS: 5.989669
INFO:root:Time: 1509.679222
INFO:root:ITERATION: 8000, LOSS: 5.572465
INFO:root:Time: 1521.152971
INFO:root:ITERATION: 9000, LOSS: 5.457808
INFO:root:Time: 1520.408265
